<?xml version="1.0" encoding="UTF-8"?>
<!-- Generated by org.testng.reporters.JUnitXMLReporter -->
<testsuite ignored="4" hostname="Tushar" failures="0" tests="1" name="Test" time="0.045" errors="0" timestamp="2022-09-13T22:12:14 IST">
  <testcase classname="_5IncludeExclude._2Include" name="a" time="0.006"/>
  <testcase classname="_5IncludeExclude._2Include" name="m" time="0.0">
    <ignored/>
  </testcase> <!-- m -->
  <testcase classname="_5IncludeExclude._2Include" name="z" time="0.0">
    <ignored/>
  </testcase> <!-- z -->
  <testcase classname="_5IncludeExclude._2Include" name="d" time="0.0">
    <ignored/>
  </testcase> <!-- d -->
  <testcase classname="_5IncludeExclude._2Include" name="b" time="0.0">
    <ignored/>
  </testcase> <!-- b -->
</testsuite> <!-- Test -->
