<?xml version="1.0" encoding="UTF-8"?>
<testng-results ignored="4" total="5" passed="1" failed="0" skipped="0">
  <reporter-output>
    <line>
      <![CDATA[a]]>
    </line>
  </reporter-output>
  <suite started-at="2022-09-13T22:12:14 IST" name="Suite" finished-at="2022-09-13T22:12:14 IST" duration-ms="45">
    <groups>
    </groups>
    <test started-at="2022-09-13T22:12:14 IST" name="Test" finished-at="2022-09-13T22:12:14 IST" duration-ms="45">
      <class name="_5IncludeExclude._2Include">
        <test-method signature="a()[pri:0, instance:_5IncludeExclude._2Include@4f209819]" started-at="2022-09-13T22:12:14 IST" name="a" finished-at="2022-09-13T22:12:14 IST" duration-ms="6" status="PASS">
          <reporter-output>
            <line>
              <![CDATA[a]]>
            </line>
          </reporter-output>
        </test-method> <!-- a -->
      </class> <!-- _5IncludeExclude._2Include -->
    </test> <!-- Test -->
  </suite> <!-- Suite -->
</testng-results>
